-------------------------------------------------------------------------------
Test set: DispatcherServletTest
-------------------------------------------------------------------------------
Tests run: 5, Failures: 1, Errors: 0, Skipped: 0, Time elapsed: 0.077 s <<< FAILURE! - in DispatcherServletTest
registerController_throwsIllegalArgumentException_forNonControllerClasses  Time elapsed: 0.017 s  <<< FAILURE!
org.opentest4j.AssertionFailedError: Expected java.lang.IllegalArgumentException to be thrown, but nothing was thrown.
	at DispatcherServletTest.registerController_throwsIllegalArgumentException_forNonControllerClasses(DispatcherServletTest.java:18)

